{"level":"info","timestamp":"2025-10-08T19:16:02.301+0800","caller":"logger/logger.go:109","msg":"Starting live service","version":"dev","build_time":"unknown","commit_hash":"unknown"}
{"level":"fatal","timestamp":"2025-10-08T19:16:02.325+0800","caller":"logger/logger.go:124","msg":"Failed to connect to database","error":"failed to connect to MySQL: Error 1064 (42000): You have an error in your SQL syntax; check the manual that corresponds to your MySQL server version for the right syntax to use near '' at line 1","stacktrace":"vision_world_back/service/live_service/pkg/logger.(*zapLogger).Fatal\n\t/Users/kanyu/Desktop/project/kanyu_server/new_project/project/vision_world_back/service/live_service/pkg/logger/logger.go:124\nmain.main\n\t/Users/kanyu/Desktop/project/kanyu_server/new_project/project/vision_world_back/service/live_service/cmd/server/main.go:68\nruntime.main\n\t/usr/local/go/src/runtime/proc.go:272"}
{"level":"info","timestamp":"2025-10-08T19:16:38.691+0800","caller":"logger/logger.go:109","msg":"Starting live service","version":"dev","build_time":"unknown","commit_hash":"unknown"}
{"level":"info","timestamp":"2025-10-08T19:16:38.710+0800","caller":"logger/logger.go:109","msg":"Database connected successfully"}
{"level":"info","timestamp":"2025-10-08T19:16:38.710+0800","caller":"logger/logger.go:109","msg":"Database models initialized successfully"}
{"level":"info","timestamp":"2025-10-08T19:16:38.712+0800","caller":"logger/logger.go:109","msg":"Redis connected successfully"}
{"level":"info","timestamp":"2025-10-08T19:16:38.712+0800","caller":"logger/logger.go:109","msg":"Live service registered"}
{"level":"fatal","timestamp":"2025-10-08T19:16:38.712+0800","caller":"logger/logger.go:124","msg":"Failed to listen","error":"listen tcp 0.0.0.0:50053: bind: address already in use","stacktrace":"vision_world_back/service/live_service/pkg/logger.(*zapLogger).Fatal\n\t/Users/kanyu/Desktop/project/kanyu_server/new_project/project/vision_world_back/service/live_service/pkg/logger/logger.go:124\nmain.main.func2\n\t/Users/kanyu/Desktop/project/kanyu_server/new_project/project/vision_world_back/service/live_service/cmd/server/main.go:123"}
{"level":"info","timestamp":"2025-10-08T19:18:56.544+0800","caller":"logger/logger.go:109","msg":"Starting live service","version":"dev","build_time":"unknown","commit_hash":"unknown"}
{"level":"info","timestamp":"2025-10-08T19:18:56.556+0800","caller":"logger/logger.go:109","msg":"Database connected successfully"}
{"level":"info","timestamp":"2025-10-08T19:18:56.556+0800","caller":"logger/logger.go:109","msg":"Database models initialized successfully"}
{"level":"info","timestamp":"2025-10-08T19:18:56.557+0800","caller":"logger/logger.go:109","msg":"Redis connected successfully"}
{"level":"info","timestamp":"2025-10-08T19:18:56.558+0800","caller":"logger/logger.go:109","msg":"Live service registered"}
{"level":"fatal","timestamp":"2025-10-08T19:18:56.558+0800","caller":"logger/logger.go:124","msg":"Failed to listen","error":"listen tcp 0.0.0.0:50053: bind: address already in use","stacktrace":"vision_world_back/service/live_service/pkg/logger.(*zapLogger).Fatal\n\t/Users/kanyu/Desktop/project/kanyu_server/new_project/project/vision_world_back/service/live_service/pkg/logger/logger.go:124\nmain.main.func2\n\t/Users/kanyu/Desktop/project/kanyu_server/new_project/project/vision_world_back/service/live_service/cmd/server/main.go:123"}
{"level":"info","timestamp":"2025-10-08T19:19:55.360+0800","caller":"logger/logger.go:109","msg":"Starting live service","version":"dev","build_time":"unknown","commit_hash":"unknown"}
{"level":"info","timestamp":"2025-10-08T19:19:55.369+0800","caller":"logger/logger.go:109","msg":"Database connected successfully"}
{"level":"info","timestamp":"2025-10-08T19:19:55.369+0800","caller":"logger/logger.go:109","msg":"Database models initialized successfully"}
{"level":"info","timestamp":"2025-10-08T19:19:55.371+0800","caller":"logger/logger.go:109","msg":"Redis connected successfully"}
{"level":"info","timestamp":"2025-10-08T19:19:55.371+0800","caller":"logger/logger.go:109","msg":"Live service registered"}
{"level":"fatal","timestamp":"2025-10-08T19:19:55.372+0800","caller":"logger/logger.go:124","msg":"Failed to listen","error":"listen tcp 0.0.0.0:50053: bind: address already in use","stacktrace":"vision_world_back/service/live_service/pkg/logger.(*zapLogger).Fatal\n\t/Users/kanyu/Desktop/project/kanyu_server/new_project/project/vision_world_back/service/live_service/pkg/logger/logger.go:124\nmain.main.func2\n\t/Users/kanyu/Desktop/project/kanyu_server/new_project/project/vision_world_back/service/live_service/cmd/server/main.go:130"}
{"level":"info","timestamp":"2025-10-08T19:20:55.195+0800","caller":"logger/logger.go:109","msg":"Starting live service","version":"dev","build_time":"unknown","commit_hash":"unknown"}
{"level":"info","timestamp":"2025-10-08T19:20:55.211+0800","caller":"logger/logger.go:109","msg":"Database connected successfully"}
{"level":"info","timestamp":"2025-10-08T19:20:55.211+0800","caller":"logger/logger.go:109","msg":"Database models initialized successfully"}
{"level":"info","timestamp":"2025-10-08T19:20:55.214+0800","caller":"logger/logger.go:109","msg":"Redis connected successfully"}
{"level":"info","timestamp":"2025-10-08T19:20:55.214+0800","caller":"logger/logger.go:109","msg":"Live service registered"}
{"level":"info","timestamp":"2025-10-08T19:20:55.214+0800","caller":"logger/logger.go:109","msg":"HTTP server starting","address":"0.0.0.0:8080"}
{"level":"fatal","timestamp":"2025-10-08T19:20:55.214+0800","caller":"logger/logger.go:124","msg":"Failed to listen","error":"listen tcp 0.0.0.0:50053: bind: address already in use","stacktrace":"vision_world_back/service/live_service/pkg/logger.(*zapLogger).Fatal\n\t/Users/kanyu/Desktop/project/kanyu_server/new_project/project/vision_world_back/service/live_service/pkg/logger/logger.go:124\nmain.main.func2\n\t/Users/kanyu/Desktop/project/kanyu_server/new_project/project/vision_world_back/service/live_service/cmd/server/main.go:130"}
{"level":"info","timestamp":"2025-10-08T19:27:54.254+0800","caller":"logger/logger.go:109","msg":"Starting live service","version":"dev","build_time":"unknown","commit_hash":"unknown"}
{"level":"info","timestamp":"2025-10-08T19:27:54.271+0800","caller":"logger/logger.go:109","msg":"Database connected successfully"}
{"level":"info","timestamp":"2025-10-08T19:27:54.272+0800","caller":"logger/logger.go:109","msg":"Database models initialized successfully"}
{"level":"info","timestamp":"2025-10-08T19:27:54.274+0800","caller":"logger/logger.go:109","msg":"Redis connected successfully"}
{"level":"info","timestamp":"2025-10-08T19:27:54.274+0800","caller":"logger/logger.go:109","msg":"Live service registered"}
{"level":"fatal","timestamp":"2025-10-08T19:27:54.274+0800","caller":"logger/logger.go:124","msg":"Failed to listen","error":"listen tcp 0.0.0.0:50053: bind: address already in use","stacktrace":"vision_world_back/service/live_service/pkg/logger.(*zapLogger).Fatal\n\t/Users/kanyu/Desktop/project/kanyu_server/new_project/project/vision_world_back/service/live_service/pkg/logger/logger.go:124\nmain.main.func2\n\t/Users/kanyu/Desktop/project/kanyu_server/new_project/project/vision_world_back/service/live_service/cmd/server/main.go:130"}
{"level":"info","timestamp":"2025-10-08T19:28:22.329+0800","caller":"logger/logger.go:109","msg":"Starting live service","version":"dev","build_time":"unknown","commit_hash":"unknown"}
{"level":"info","timestamp":"2025-10-08T19:28:22.338+0800","caller":"logger/logger.go:109","msg":"Database connected successfully"}
{"level":"info","timestamp":"2025-10-08T19:28:22.338+0800","caller":"logger/logger.go:109","msg":"Database models initialized successfully"}
{"level":"info","timestamp":"2025-10-08T19:28:22.340+0800","caller":"logger/logger.go:109","msg":"Redis connected successfully"}
{"level":"info","timestamp":"2025-10-08T19:28:22.340+0800","caller":"logger/logger.go:109","msg":"Live service registered"}
{"level":"info","timestamp":"2025-10-08T19:28:22.341+0800","caller":"logger/logger.go:109","msg":"gRPC server starting","address":"0.0.0.0:50055"}
{"level":"info","timestamp":"2025-10-08T19:55:25.075+0800","caller":"logger/logger.go:109","msg":"Shutting down server..."}
{"level":"info","timestamp":"2025-10-08T19:55:25.080+0800","caller":"logger/logger.go:109","msg":"Server stopped gracefully"}
